<?xml version="1.0" encoding="UTF-8"?>
<testsuite xmlns:xsi="http://www.w3.org/2001/XMLSchema-instance" xsi:noNamespaceSchemaLocation="https://maven.apache.org/surefire/maven-surefire-plugin/xsd/surefire-test-report.xsd" name="com.comp3607project.JeopardyGameTest" time="0.231" tests="16" errors="0" skipped="0" failures="0">
  <properties>
[...]
</properties>
  <testcase name="testInvaildQuestion" classname="com.comp3607project.JeopardyGameTest" time="0.05"/>
  <testcase name="testCheckIfEmpty" classname="com.comp3607project.JeopardyGameTest" time="0.005"/>
  <testcase name="testCSVHandlerValidFile" classname="com.comp3607project.JeopardyGameTest" time="0.021"/>
  <testcase name="testInvalidCategory" classname="com.comp3607project.JeopardyGameTest" time="0.003"/>
  <testcase name="testLoadGameContent" classname="com.comp3607project.JeopardyGameTest" time="0.004"/>
  <testcase name="testXMLHandlerValidFile" classname="com.comp3607project.JeopardyGameTest" time="0.007"/>
  <testcase name="testRemoveScore" classname="com.comp3607project.JeopardyGameTest" time="0.002"/>
  <testcase name="testValidValue" classname="com.comp3607project.JeopardyGameTest" time="0.005"/>
  <testcase name="testAddScore" classname="com.comp3607project.JeopardyGameTest" time="0"/>
  <testcase name="testLogging" classname="com.comp3607project.JeopardyGameTest" time="0.029"/>
  <testcase name="testReporting" classname="com.comp3607project.JeopardyGameTest" time="0.008"/>
  <testcase name="testVaildQuestion" classname="com.comp3607project.JeopardyGameTest" time="0.005"/>
  <testcase name="testJSONHandlerValidFile" classname="com.comp3607project.JeopardyGameTest" time="0.038"/>
  <testcase name="testValidCategory" classname="com.comp3607project.JeopardyGameTest" time="0.002"/>
  <testcase name="testInvalidValue" classname="com.comp3607project.JeopardyGameTest" time="0.005"/>
  <testcase name="testMarkAsAnswered" classname="com.comp3607project.JeopardyGameTest" time="0.006"/>
</testsuite>